app/proguard-rules-lesbar.pro
# Verkleinern ja, umbenennen nein: das Sparen kommt vom Wegwerfen unbenutzter Klassen,
# nicht vom Kürzen der Namen. Kostet rund 400 kB und hält Stapelspuren lesbar — bei einer
# App, die nur auf einem Handy in der Familie läuft, ist das der bessere Tausch.
-dontobfuscate