app/build/outputs/mapping/minified/seeds.txt
de.korte_daniel.zaubernina.ui.MainActivity
de.korte_daniel.zaubernina.ui.theme.Thema: de.korte_daniel.zaubernina.ui.theme.Thema[] values()
de.korte_daniel.zaubernina.logic.Genauigkeit: de.korte_daniel.zaubernina.logic.Genauigkeit[] values()
de.korte_daniel.zaubernina.ui.theme.Thema: de.korte_daniel.zaubernina.ui.theme.Thema valueOf(java.lang.String)
de.korte_daniel.zaubernina.logic.Zug: de.korte_daniel.zaubernina.logic.Zug valueOf(java.lang.String)
de.korte_daniel.zaubernina.ui.MainActivity: MainActivity()
de.korte_daniel.zaubernina.logic.Zug: de.korte_daniel.zaubernina.logic.Zug[] values()
de.korte_daniel.zaubernina.logic.Genauigkeit: de.korte_daniel.zaubernina.logic.Genauigkeit valueOf(java.lang.String)
...
androidx.compose.runtime.ComposerKt: java.lang.Void composeRuntimeError(java.lang.String)
androidx.activity.EdgeToEdgeApi30: void adjustLayoutInDisplayCutoutMode(android.view.Window)
kotlinx.coroutines.android.AndroidDispatcherFactory: AndroidDispatcherFactory()
androidx.core.view.WindowInsetsCompat$Impl29: WindowInsetsCompat$Impl29(androidx.core.view.WindowInsetsCompat,androidx.core.view.WindowInsetsCompat$Impl29)
androidx.compose.foundation.internal.InlineClassHelperKt: java.lang.Void throwIllegalArgumentExceptionForNullCheck(java.lang.String)
androidx.core.view.WindowInsetsCompat$BuilderImpl: void applyInsetTypes()
androidx.core.view.WindowInsetsCompat$BuilderImpl29: void setSystemWindowInsets(androidx.core.graphics.Insets)
androidx.core.view.WindowInsetsCompat$Impl20: WindowInsetsCompat$Impl20(androidx.core.view.WindowInsetsCompat,android.view.WindowInsets)
androidx.core.view.WindowInsetsCompat$Impl28: WindowInsetsCompat$Impl28(androidx.core.view.WindowInsetsCompat,androidx.core.view.WindowInsetsCompat$Impl28)
androidx.compose.ui.platform.AndroidComposeView: void setUncaughtExceptionHandler$ui(androidx.compose.ui.node.RootForTest$UncaughtExceptionHandler)
androidx.core.view.WindowInsetsCompat$Impl20: void setRootWindowInsets(androidx.core.view.WindowInsetsCompat)
androidx.core.view.WindowInsetsCompat$BuilderImpl30: WindowInsetsCompat$BuilderImpl30()
androidx.compose.ui.text.input.TextInputServiceAndroid$TextInputCommand: androidx.compose.ui.text.input.TextInputServiceAndroid$TextInputCommand[] values()
androidx.compose.ui.platform.AndroidComposeView: boolean getScrollCaptureInProgress$ui()
androidx.compose.ui.platform.AndroidComposeView: void setConfiguration(android.content.res.Configuration)
androidx.lifecycle.SavedStateHandlesVM: SavedStateHandlesVM()
androidx.compose.ui.platform.AndroidComposeView: androidx.compose.ui.semantics.SemanticsOwner getSemanticsOwner()
androidx.compose.ui.platform.AbstractComposeView: void setAutoClearFocusBehavior-17tfJxM(int)
androidx.core.view.WindowInsetsCompat$Impl29: androidx.core.graphics.Insets getTappableElementInsets()
androidx.compose.ui.platform.AndroidComposeView: void setComposeViewContextIncrementedDuringInit$ui(boolean)
androidx.lifecycle.ProcessLifecycleOwner$attach$1$onActivityPreCreated$1: void onActivityPostStarted(android.app.Activity)
androidx.compose.ui.platform.AndroidComposeView: androidx.compose.ui.draganddrop.DragAndDropManager getDragAndDropManager()
androidx.compose.ui.platform.AndroidComposeView: androidx.compose.ui.unit.Density getDensity()
androidx.compose.ui.focus.FocusStateImpl: androidx.compose.ui.focus.FocusStateImpl valueOf(java.lang.String)
androidx.core.view.WindowInsetsCompat$Impl30: androidx.core.graphics.Insets getInsetsIgnoringVisibility(int)
androidx.compose.runtime.collection.MutableVectorKt: void throwOutOfRangeException(int,int)
androidx.compose.ui.platform.AndroidComposeView: androidx.compose.ui.input.InputModeManager getInputModeManager()
android.support.v4.app.RemoteActionCompatParcelizer: androidx.core.app.RemoteActionCompat read(androidx.versionedparcelable.VersionedParcel)
androidx.window.area.reflectionguard.ExtensionWindowAreaPresentationRequirements: android.content.Context getPresentationContext()
androidx.compose.ui.platform.AndroidViewsHandler: java.util.HashMap getHolderToLayoutNode()
androidx.compose.ui.graphics.Path$Direction: androidx.compose.ui.graphics.Path$Direction valueOf(java.lang.String)
androidx.lifecycle.EmptyActivityLifecycleCallbacks: void onActivitySaveInstanceState(android.app.Activity,android.os.Bundle)
androidx.compose.ui.platform.AndroidComposeView: void setUncaughtExceptionHandler(androidx.compose.ui.node.RootForTest$UncaughtExceptionHandler)
androidx.compose.ui.focus.CustomDestinationResult: androidx.compose.ui.focus.CustomDestinationResult[] values()
androidx.compose.ui.node.LayoutNode: java.lang.String exceptionMessageForParentingOrOwnership(androidx.compose.ui.node.LayoutNode)