app/build/outputs/mapping/minified/mapping.txt
# compiler: R8
# compiler_version: 9.0.32
# min_api: 29
# common_typos_disable
# {"id":"com.android.tools.r8.mapping","version":"2.2"}
# pg_map_id: e6a0803b1d1463644d7478d8b1f5066177588f6bcdc9985bbd4eea9a17ff77f3
# pg_map_hash: SHA-256 57b3ef743ef45466939b57f950f3ce057acc07f0ae8fd9d6d98f1430a0cf4a09
de.korte_daniel.zaubernina.data.grundschrift.GrundschriftKt -> de.korte_daniel.zaubernina.data.grundschrift.GrundschriftKt:
# {"id":"sourceFile","fileName":"Grundschrift.kt"}
    java.util.Map GRUNDSCHRIFT -> GRUNDSCHRIFT
      # {"id":"com.android.tools.r8.residualsignature","signature":"Ljava/util/LinkedHashMap;"}
    1:2:void <clinit>():38:38 -> <clinit>
    3:4:void <clinit>():42:42 -> <clinit>
    5:13:de.korte_daniel.zaubernina.domain.GlyphPoint p(float,float):35:35 -> <clinit>
    5:13:void <clinit>():43 -> <clinit>
    14:15:void <clinit>():44:44 -> <clinit>
    16:23:de.korte_daniel.zaubernina.domain.GlyphPoint p(float,float):35:35 -> <clinit>
    16:23:void <clinit>():44 -> <clinit>
    24:33:void <clinit>():44:44 -> <clinit>
    34:36:void <clinit>():42:42 -> <clinit>
    37:42:void <clinit>():41:41 -> <clinit>
    43:47:void <clinit>():38:38 -> <clinit>
    48:49:void <clinit>():53:53 -> <clinit>
    50:51:void <clinit>():57:57 -> <clinit>
    52:58:de.korte_daniel.zaubernina.domain.GlyphPoint p(float,float):35:35 -> <clinit>
    52:58:void <clinit>():58 -> <clinit>
    59:60:void <clinit>():59:59 -> <clinit>
    61:65:de.korte_daniel.zaubernina.domain.GlyphPoint p(float,float):35:35 -> <clinit>
    61:65:void <clinit>():59 -> <clinit>
    66:72:void <clinit>():59:59 -> <clinit>
    73:75:void <clinit>():57:57 -> <clinit>
    76:77:void <clinit>():61:61 -> <clinit>
    78:82:de.korte_daniel.zaubernina.domain.GlyphPoint p(float,float):35:35 -> <clinit>
de.korte_daniel.zaubernina.domain.Glyph -> de.korte_daniel.zaubernina.domain.Glyph:
# {"id":"sourceFile","fileName":"Glyph.kt"}
    1:3:void <init>(char,java.lang.String,java.util.List):94:94 -> <init>
    4:5:void <init>(char,java.lang.String,java.util.List):95:95 -> <init>
    6:7:void <init>(char,java.lang.String,java.util.List):96:96 -> <init>
    8:10:void <init>(char,java.lang.String,java.util.List):97:97 -> <init>
    22:28:boolean kotlin.jvm.internal.Intrinsics.areEqual(java.lang.Object,java.lang.Object):169:169 -> equals
    22:28:boolean equals(java.lang.Object):0 -> equals
    29:32:boolean equals(java.lang.Object):0:0 -> equals
    33:42:boolean kotlin.jvm.internal.Intrinsics.areEqual(java.lang.Object,java.lang.Object):169:169 -> equals
    33:42:boolean equals(java.lang.Object):0 -> equals
    1:25:int hashCode():0:0 -> hashCode
    1:42:java.lang.String toString():0:0 -> toString
de.korte_daniel.zaubernina.domain.GlyphPoint -> de.korte_daniel.zaubernina.domain.GlyphPoint:
# {"id":"sourceFile","fileName":"Glyph.kt"}
    1:8:void <init>(float,float):17:17 -> <init>
    1:35:boolean equals(java.lang.Object):0:0 -> equals
    1:16:int hashCode():0:0 -> hashCode
    1:32:java.lang.String toString():0:0 -> toString
de.korte_daniel.zaubernina.domain.Stroke -> de.korte_daniel.zaubernina.domain.Stroke:
# {"id":"sourceFile","fileName":"Glyph.kt"}
    8:27:void <init>(de.korte_daniel.zaubernina.domain.GlyphPoint,java.util.List,java.util.List,boolean,int,kotlin.jvm.internal.DefaultConstructorMarker):42:42 -> <init>
      # {"id":"com.android.tools.r8.residualsignature","signature":"(Lde/korte_daniel/zaubernina/domain/GlyphPoint;Ljava/util/List;Ljava/util/List;I)V"}
    28:31:void <init>(de.korte_daniel.zaubernina.domain.GlyphPoint,java.util.List,java.util.List,boolean,int,kotlin.jvm.internal.DefaultConstructorMarker):39:39 -> <init>
    32:35:void <init>(de.korte_daniel.zaubernina.domain.GlyphPoint,java.util.List,java.util.List,boolean):39:42 -> <init>
    36:36:void <init>(de.korte_daniel.zaubernina.domain.GlyphPoint,java.util.List,java.util.List,boolean):49:49 -> <init>
    1:53:boolean equals(java.lang.Object):0:0 -> equals
    1:34:int hashCode():0:0 -> hashCode
    1:52:java.lang.String toString():0:0 -> toString
de.korte_daniel.zaubernina.domain.StrokeSegment -> de.korte_daniel.zaubernina.domain.StrokeSegment:
# {"id":"sourceFile","fileName":"Glyph.kt"}
...
kotlinx.coroutines.SupervisorJobImpl -> kotlinx.coroutines.SupervisorJobImpl:
# {"id":"sourceFile","fileName":"Supervisor.kt"}
    1:2:boolean childCancelled(java.lang.Throwable):0:0 -> childCancelled
kotlinx.coroutines.SupervisorKt -> R8$$REMOVED$$CLASS$$400:
# {"id":"sourceFile","fileName":"Supervisor.kt"}
kotlinx.coroutines.ThreadContextElement -> kotlinx.coroutines.ThreadContextElement:
# {"id":"sourceFile","fileName":"ThreadContextElement.kt"}
kotlinx.coroutines.ThreadLocalEventLoop -> kotlinx.coroutines.ThreadLocalEventLoop:
# {"id":"sourceFile","fileName":"EventLoop.common.kt"}
    1:5:java.lang.ThreadLocal kotlinx.coroutines.internal.ThreadLocalKt.commonThreadLocal(kotlinx.coroutines.internal.Symbol):7:7 -> <clinit>
    1:5:void <clinit>():116 -> <clinit>
    6:8:void <clinit>():116:116 -> <clinit>
    1:10:kotlinx.coroutines.EventLoop getEventLoop$kotlinx_coroutines_core():119:119 -> getEventLoop$kotlinx_coroutines_core
    11:19:kotlinx.coroutines.EventLoop kotlinx.coroutines.EventLoopKt.createEventLoop():22:22 -> getEventLoop$kotlinx_coroutines_core
    11:19:kotlinx.coroutines.EventLoop getEventLoop$kotlinx_coroutines_core():119 -> getEventLoop$kotlinx_coroutines_core
    20:23:kotlinx.coroutines.EventLoop getEventLoop$kotlinx_coroutines_core():119:119 -> getEventLoop$kotlinx_coroutines_core
kotlinx.coroutines.TimeoutCancellationException -> kotlinx.coroutines.TimeoutCancellationException:
# {"id":"sourceFile","fileName":"Timeout.kt"}
kotlinx.coroutines.Unconfined -> kotlinx.coroutines.Unconfined:
# {"id":"sourceFile","fileName":"Unconfined.kt"}
kotlinx.coroutines.UndispatchedCoroutine -> kotlinx.coroutines.UndispatchedCoroutine:
# {"id":"sourceFile","fileName":"CoroutineContext.kt"}
    1:14:void <init>(kotlin.coroutines.CoroutineContext,kotlin.coroutines.Continuation):176:176 -> <init>
      # {"id":"com.android.tools.r8.residualsignature","signature":"(Lkotlin/coroutines/CoroutineContext;Landroidx/compose/ui/platform/WindowRecomposer_androidKt$createLifecycleAwareWindowRecomposer$2$onStateChanged$1;)V"}
    15:17:void <init>(kotlin.coroutines.CoroutineContext,kotlin.coroutines.Continuation):173:173 -> <init>
    18:24:void <init>(kotlin.coroutines.CoroutineContext,kotlin.coroutines.Continuation):210:210 -> <init>
    25:29:kotlin.coroutines.CoroutineContext kotlin.coroutines.jvm.internal.ContinuationImpl.getContext():106:106 -> <init>
    25:29:void <init>(kotlin.coroutines.CoroutineContext,kotlin.coroutines.Continuation):245 -> <init>
    30:40:void <init>(kotlin.coroutines.CoroutineContext,kotlin.coroutines.Continuation):245:245 -> <init>
    41:44:void <init>(kotlin.coroutines.CoroutineContext,kotlin.coroutines.Continuation):252:252 -> <init>
    45:47:void <init>(kotlin.coroutines.CoroutineContext,kotlin.coroutines.Continuation):253:253 -> <init>
    48:51:void <init>(kotlin.coroutines.CoroutineContext,kotlin.coroutines.Continuation):254:254 -> <init>
    1:4:void afterCompletionUndispatched():270:270 -> afterCompletionUndispatched
    1:3:void afterResume(java.lang.Object):274:274 -> afterResume