app/build/outputs/mapping/minified/usage.txt
de.korte_daniel.zaubernina.R$color
de.korte_daniel.zaubernina.R$drawable
de.korte_daniel.zaubernina.R$font:
    private void <init>()
de.korte_daniel.zaubernina.R$mipmap
de.korte_daniel.zaubernina.R$string
de.korte_daniel.zaubernina.R$style
de.korte_daniel.zaubernina.R$xml
de.korte_daniel.zaubernina.R
de.korte_daniel.zaubernina.data.grundschrift.GrundschriftKt:
    private static final float A_GRIFF
    private static final float A_MITTE_X
    private static final float A_MITTE_Y
    private static final float A_RADIUS
    private static final float GRUNDLINIE
    private static final float MITTELLINIE
    private static final float OBERLINIE
    public static final java.util.Map getGRUNDSCHRIFT()
de.korte_daniel.zaubernina.domain.Glyph:
    public final char component1()
    public final java.lang.String component2()
    public final java.util.List component3()
    public final de.korte_daniel.zaubernina.domain.Glyph copy(char,java.lang.String,java.util.List)
    public static synthetic de.korte_daniel.zaubernina.domain.Glyph copy$default(de.korte_daniel.zaubernina.domain.Glyph,char,java.lang.String,java.util.List,int,java.lang.Object)
    public final java.lang.String getName()
    public final int getStrichzahl()
de.korte_daniel.zaubernina.domain.GlyphKt:
    public static final float BOX
de.korte_daniel.zaubernina.domain.GlyphPoint:
    public static final int $stable
    public final float component1()
    public final float component2()
    public final de.korte_daniel.zaubernina.domain.GlyphPoint copy(float,float)
    public static synthetic de.korte_daniel.zaubernina.domain.GlyphPoint copy$default(de.korte_daniel.zaubernina.domain.GlyphPoint,float,float,int,java.lang.Object)
de.korte_daniel.zaubernina.domain.Stroke:
    public static final int $stable
    public static synthetic java.util.List abtasten$default(de.korte_daniel.zaubernina.domain.Stroke,int,int,java.lang.Object)
    public final de.korte_daniel.zaubernina.domain.GlyphPoint component1()
    public final java.util.List component2()
    public final java.util.List component3()
    public final boolean component4()
    public final de.korte_daniel.zaubernina.domain.Stroke copy(de.korte_daniel.zaubernina.domain.GlyphPoint,java.util.List,java.util.List,boolean)
    public static synthetic de.korte_daniel.zaubernina.domain.Stroke copy$default(de.korte_daniel.zaubernina.domain.Stroke,de.korte_daniel.zaubernina.domain.GlyphPoint,java.util.List,java.util.List,boolean,int,java.lang.Object)
de.korte_daniel.zaubernina.domain.StrokeSegment$Bogen:
    public static final int $stable
    public final de.korte_daniel.zaubernina.domain.GlyphPoint component1()
    public final de.korte_daniel.zaubernina.domain.GlyphPoint component2()
    public final de.korte_daniel.zaubernina.domain.GlyphPoint component3()
    public final de.korte_daniel.zaubernina.domain.StrokeSegment$Bogen copy(de.korte_daniel.zaubernina.domain.GlyphPoint,de.korte_daniel.zaubernina.domain.GlyphPoint,de.korte_daniel.zaubernina.domain.GlyphPoint)
    public static synthetic de.korte_daniel.zaubernina.domain.StrokeSegment$Bogen copy$default(de.korte_daniel.zaubernina.domain.StrokeSegment$Bogen,de.korte_daniel.zaubernina.domain.GlyphPoint,de.korte_daniel.zaubernina.domain.GlyphPoint,de.korte_daniel.zaubernina.domain.GlyphPoint,int,java.lang.Object)
de.korte_daniel.zaubernina.domain.StrokeSegment$Linie:
    public static final int $stable
    public final de.korte_daniel.zaubernina.domain.GlyphPoint component1()
    public final de.korte_daniel.zaubernina.domain.StrokeSegment$Linie copy(de.korte_daniel.zaubernina.domain.GlyphPoint)
    public static synthetic de.korte_daniel.zaubernina.domain.StrokeSegment$Linie copy$default(de.korte_daniel.zaubernina.domain.StrokeSegment$Linie,de.korte_daniel.zaubernina.domain.GlyphPoint,int,java.lang.Object)
de.korte_daniel.zaubernina.logic.Genauigkeit:
    public static kotlin.enums.EnumEntries getEntries()
...
androidx.window.SafeWindowExtensionsProvider$$InternalSyntheticLambda$4$5f58b7db99498076fcb9476b21b7ce8b46c90265c052da294939eb257abb16ba$0
androidx.window.SafeWindowExtensionsProvider
androidx.window.WindowSdkExtensions$Companion$getInstance$1
androidx.window.WindowSdkExtensions$Companion
androidx.window.WindowSdkExtensions
androidx.window.WindowSdkExtensionsDecorator
androidx.window.core.AndroidLogger
androidx.window.core.Bounds$Companion
androidx.window.core.Bounds:
    public static final androidx.window.core.Bounds$Companion Companion
    public static final androidx.window.core.Bounds EMPTY_BOUNDS
    public final int getHeight()
    public static int getLeft()
    public static int getTop()
    public final int getWidth()
    public static boolean isZero()
    public static android.graphics.Rect toRect()
androidx.window.core.BuildConfig
androidx.window.core.ConsumerAdapter$ConsumerHandler
androidx.window.core.ConsumerAdapter$Subscription
androidx.window.core.ConsumerAdapter$createSubscription$1
androidx.window.core.ConsumerAdapter
androidx.window.core.ExtensionsUtil
androidx.window.core.FailedSpecification$WhenMappings
androidx.window.core.FailedSpecification
androidx.window.core.Logger
androidx.window.core.SpecificationComputer$Companion
androidx.window.core.SpecificationComputer
androidx.window.core.ValidSpecification
androidx.window.core.VerificationMode
androidx.window.core.Version$$InternalSyntheticLambda$3$da9ea0054d5035558e7913966ecede6e1500e6568340d55a5477588f44a04282$0
androidx.window.core.Version$Companion
androidx.window.core.Version
androidx.window.core.WindowStrictModeException
androidx.window.layout.DisplayFeature
androidx.window.layout.EmptyDecorator
androidx.window.layout.FoldingFeature$Orientation$Companion
androidx.window.layout.FoldingFeature$Orientation
androidx.window.layout.FoldingFeature$State$Companion
androidx.window.layout.FoldingFeature$State
androidx.window.layout.FoldingFeature
androidx.window.layout.HardwareFoldingFeature$Companion
androidx.window.layout.HardwareFoldingFeature$Type$Companion
androidx.window.layout.HardwareFoldingFeature$Type
androidx.window.layout.HardwareFoldingFeature
androidx.window.layout.SafeWindowLayoutComponentProvider$$InternalSyntheticLambda$3$18917bbed8602b7716e4fb7ca76ef188a5f86477eedc66b5e41251fdbf54cefd$0
androidx.window.layout.SafeWindowLayoutComponentProvider$$InternalSyntheticLambda$3$495c3e58c25fdadb32e83ab8ff06131237e4edb2cc8a16a131bb8c04bfdcf325$0
androidx.window.layout.SafeWindowLayoutComponentProvider$$InternalSyntheticLambda$3$67ba8b9b5eb03f6f2fa9a9a2c8a992b7567ef25b627a4cdf39bd254cc3d2843a$0
androidx.window.layout.SafeWindowLayoutComponentProvider$$InternalSyntheticLambda$3$98298a8f51f215381e297cadb29057528fd87cd4de6d5fb04dc49331cb6656c5$0
androidx.window.layout.SafeWindowLayoutComponentProvider$$InternalSyntheticLambda$3$9872d66f2b84fda6f8bf884316c8c019b6f3b749f8b08819619e410f74cd629b$0
androidx.window.layout.SafeWindowLayoutComponentProvider$$InternalSyntheticLambda$3$cb1a7e2518f33fb048595a4abdcab58bfab749019b95150aa077c9fec6f6fc13$0
androidx.window.layout.SafeWindowLayoutComponentProvider$$InternalSyntheticLambda$3$ff9280b42e74578f8c5b822c04a4601298dad87df9b1bade7bfb3c625d389079$0
androidx.window.layout.SafeWindowLayoutComponentProvider
androidx.window.layout.WindowInfoTracker$Companion$$InternalSyntheticLambda$2$26ed58dff0d3dd2a68cf9237060a369c7997240782cb3980bfcde931e272f572$0
androidx.window.layout.WindowInfoTracker$Companion
androidx.window.layout.WindowInfoTracker
androidx.window.layout.WindowInfoTrackerDecorator
androidx.window.layout.WindowInfoTrackerImpl$windowLayoutInfo$1$$InternalSyntheticLambda$3$2f83ed0a7b9be590d0e8145720d8f3d44499eaff6970e5191327dfffeec61dbf$0
androidx.window.layout.WindowInfoTrackerImpl$windowLayoutInfo$1$$InternalSyntheticLambda$3$2f83ed0a7b9be590d0e8145720d8f3d44499eaff6970e5191327dfffeec61dbf$1